<?xml version="1.0" encoding="UTF-8"?>
<!-- Generated by org.testng.reporters.JUnitXMLReporter -->
<testsuite hostname="Owner-PC" name="Command line test" tests="4" failures="0" timestamp="9 May 2016 09:46:27 GMT" time="70.554" errors="0">
  <testcase name="clickLogin" time="2.098" classname="Unipupil.UniMavenTests.FirefoxInstitutionLoginTest"/>
  <testcase name="enterDetails" time="25.503" classname="Unipupil.UniMavenTests.FirefoxInstitutionLoginTest"/>
  <testcase name="logOut" time="1.554" classname="Unipupil.UniMavenTests.FirefoxInstitutionLoginTest"/>
  <testcase name="loggedOut" time="14.604" classname="Unipupil.UniMavenTests.FirefoxInstitutionLoginTest"/>
</testsuite> <!-- Command line test -->
