<?xml version="1.0" encoding="UTF-8"?>
<!-- Generated by org.testng.reporters.JUnitXMLReporter -->
<testsuite hostname="Owner-PC" name="Command line test" tests="74" failures="1" timestamp="2 Jun 2016 14:54:24 GMT" time="350.412" errors="0">
  <testcase name="goToHomepage" time="14.924" classname="Unipupil.UniMavenTests.BuyCourseAdditionalFeesFirefoxTest"/>
  <testcase name="institutionLogin" time="6.784" classname="Unipupil.UniMavenTests.BuyCourseAdditionalFeesFirefoxTest"/>
  <testcase name="enterInstitutionLoginDetails" time="10.349" classname="Unipupil.UniMavenTests.BuyCourseAdditionalFeesFirefoxTest"/>
  <testcase name="getCourseList" time="12.726" classname="Unipupil.UniMavenTests.BuyCourseAdditionalFeesFirefoxTest"/>
  <testcase name="goToCourseEditPage" time="10.254" classname="Unipupil.UniMavenTests.BuyCourseAdditionalFeesFirefoxTest"/>
  <testcase name="getCourseFees" time="1.854" classname="Unipupil.UniMavenTests.BuyCourseAdditionalFeesFirefoxTest"/>
  <testcase name="institutionLogout" time="8.057" classname="Unipupil.UniMavenTests.BuyCourseAdditionalFeesFirefoxTest"/>
  <testcase name="studentLogin" time="6.49" classname="Unipupil.UniMavenTests.BuyCourseAdditionalFeesFirefoxTest"/>
  <testcase name="enterStudentLoginDetails" time="11.734" classname="Unipupil.UniMavenTests.BuyCourseAdditionalFeesFirefoxTest"/>
  <testcase name="findInstitution" time="18.933" classname="Unipupil.UniMavenTests.BuyCourseAdditionalFeesFirefoxTest"/>
  <testcase name="selectInstitution" time="16.009" classname="Unipupil.UniMavenTests.BuyCourseAdditionalFeesFirefoxTest"/>
  <testcase name="selectCourse" time="17.688" classname="Unipupil.UniMavenTests.BuyCourseAdditionalFeesFirefoxTest"/>
  <testcase name="addCourseToCart" time="33.386" classname="Unipupil.UniMavenTests.BuyCourseAdditionalFeesFirefoxTest"/>
  <testcase name="cartProductName" time="1.77" classname="Unipupil.UniMavenTests.BuyCourseAdditionalFeesFirefoxTest"/>
  <testcase name="cartAdditionalFeesTitle" time="0.0" classname="Unipupil.UniMavenTests.BuyCourseAdditionalFeesFirefoxTest"/>
  <testcase name="cartProductUnitPrice" time="0.001" classname="Unipupil.UniMavenTests.BuyCourseAdditionalFeesFirefoxTest"/>
  <testcase name="cartLinePrice" time="0.001" classname="Unipupil.UniMavenTests.BuyCourseAdditionalFeesFirefoxTest"/>
  <testcase name="cartAdditionalFees" time="0.001" classname="Unipupil.UniMavenTests.BuyCourseAdditionalFeesFirefoxTest"/>
  <testcase name="checkCartSubTotalAgainstGrossFees" time="0.001" classname="Unipupil.UniMavenTests.BuyCourseAdditionalFeesFirefoxTest"/>
  <testcase name="checkAggregateFeesEqualCartSubtotal" time="0.0" classname="Unipupil.UniMavenTests.BuyCourseAdditionalFeesFirefoxTest"/>
  <testcase name="goToCheckout" time="7.886" classname="Unipupil.UniMavenTests.BuyCourseAdditionalFeesFirefoxTest"/>
  <testcase name="checkoutLineProductName" time="1.779" classname="Unipupil.UniMavenTests.BuyCourseAdditionalFeesFirefoxTest"/>
  <testcase name="checkoutAdditionalFeesTitle" time="0.001" classname="Unipupil.UniMavenTests.BuyCourseAdditionalFeesFirefoxTest"/>
  <testcase name="checkoutInstitutionTitle" time="0.067" classname="Unipupil.UniMavenTests.BuyCourseAdditionalFeesFirefoxTest"/>
  <testcase name="checkoutProductUnitPrice" time="0.104" classname="Unipupil.UniMavenTests.BuyCourseAdditionalFeesFirefoxTest"/>
  <testcase name="checkoutLinePrice" time="0.001" classname="Unipupil.UniMavenTests.BuyCourseAdditionalFeesFirefoxTest"/>
  <testcase name="checkoutAdditionalFees" time="0.001" classname="Unipupil.UniMavenTests.BuyCourseAdditionalFeesFirefoxTest"/>
  <testcase name="checkoutTotal" time="0.0" classname="Unipupil.UniMavenTests.BuyCourseAdditionalFeesFirefoxTest"/>
  <testcase name="checkAggregateFeesEqualCheckoutTotal" time="0.0" classname="Unipupil.UniMavenTests.BuyCourseAdditionalFeesFirefoxTest"/>
  <testcase name="enterAddressAndContinue" time="20.848" classname="Unipupil.UniMavenTests.BuyCourseAdditionalFeesFirefoxTest"/>
  <testcase name="reviewOrderHeader" time="1.798" classname="Unipupil.UniMavenTests.BuyCourseAdditionalFeesFirefoxTest"/>
  <testcase name="reviewOrderProductName" time="0.001" classname="Unipupil.UniMavenTests.BuyCourseAdditionalFeesFirefoxTest"/>
  <testcase name="reviewOrderAdditionalFeesTitle" time="0.0" classname="Unipupil.UniMavenTests.BuyCourseAdditionalFeesFirefoxTest"/>
  <testcase name="reviewOrderInstitutionTitle" time="0.076" classname="Unipupil.UniMavenTests.BuyCourseAdditionalFeesFirefoxTest"/>
  <testcase name="reviewOrderProductUnitPrice" time="0.119" classname="Unipupil.UniMavenTests.BuyCourseAdditionalFeesFirefoxTest"/>
  <testcase name="reviewOrderLinePrice" time="0.001" classname="Unipupil.UniMavenTests.BuyCourseAdditionalFeesFirefoxTest"/>
  <testcase name="reviewOrderAdditionalFees" time="0.0" classname="Unipupil.UniMavenTests.BuyCourseAdditionalFeesFirefoxTest"/>
  <testcase name="reviewOrderSubTotal" time="0.001" classname="Unipupil.UniMavenTests.BuyCourseAdditionalFeesFirefoxTest"/>
  <testcase name="reviewOrderTotal" time="0.0" classname="Unipupil.UniMavenTests.BuyCourseAdditionalFeesFirefoxTest"/>
  <testcase name="aggregateFeesEqualReviewOrderSubTotal" time="0.0" classname="Unipupil.UniMavenTests.BuyCourseAdditionalFeesFirefoxTest"/>
  <testcase name="submitOrder" time="13.889" classname="Unipupil.UniMavenTests.BuyCourseAdditionalFeesFirefoxTest"/>
  <testcase name="ppLoginPageSummaryAmount" time="0.139" classname="Unipupil.UniMavenTests.BuyCourseAdditionalFeesFirefoxTest"/>
  <testcase name="ppLoginPageSummaryTotal" time="0.0" classname="Unipupil.UniMavenTests.BuyCourseAdditionalFeesFirefoxTest"/>
  <testcase name="paypalLogin" time="10.818" classname="Unipupil.UniMavenTests.BuyCourseAdditionalFeesFirefoxTest"/>
  <testcase name="ppConfirmPageSummaryAmount" time="0.0" classname="Unipupil.UniMavenTests.BuyCourseAdditionalFeesFirefoxTest"/>
  <testcase name="ppConfirmPageSummaryTotal" time="0.0" classname="Unipupil.UniMavenTests.BuyCourseAdditionalFeesFirefoxTest"/>
  <testcase name="ppConfirmPayment" time="26.014" classname="Unipupil.UniMavenTests.BuyCourseAdditionalFeesFirefoxTest"/>
  <testcase name="completeOrderTitle" time="0.392" classname="Unipupil.UniMavenTests.BuyCourseAdditionalFeesFirefoxTest"/>
  <testcase name="completeOrderPageMessage" time="0.001" classname="Unipupil.UniMavenTests.BuyCourseAdditionalFeesFirefoxTest"/>
  <testcase name="paymentOrderHistoryPage" time="6.793" classname="Unipupil.UniMavenTests.BuyCourseAdditionalFeesFirefoxTest"/>
  <testcase name="paymentOrderHistoryHeader" time="1.98" classname="Unipupil.UniMavenTests.BuyCourseAdditionalFeesFirefoxTest"/>
  <testcase name="paymentOrderHistoryProductName" time="0.0" classname="Unipupil.UniMavenTests.BuyCourseAdditionalFeesFirefoxTest"/>
  <testcase name="paymentOrderHistoryProductDescription" time="0.0" classname="Unipupil.UniMavenTests.BuyCourseAdditionalFeesFirefoxTest"/>
  <testcase name="paymentOrderHistoryUnitPrice" time="0.0" classname="Unipupil.UniMavenTests.BuyCourseAdditionalFeesFirefoxTest"/>
  <testcase name="paymentOrderHistoryQuantity" time="0.0" classname="Unipupil.UniMavenTests.BuyCourseAdditionalFeesFirefoxTest"/>
  <testcase name="paymentOrderHistoryLinePrice" time="0.0" classname="Unipupil.UniMavenTests.BuyCourseAdditionalFeesFirefoxTest"/>
  <testcase name="paymentOrderHistoryAdditionalFees" time="0.0" classname="Unipupil.UniMavenTests.BuyCourseAdditionalFeesFirefoxTest"/>
  <testcase name="paymentOrderHistoryTotal" time="0.0" classname="Unipupil.UniMavenTests.BuyCourseAdditionalFeesFirefoxTest"/>
  <testcase name="checkAggregateFeesEqualPaymentOrderHistoryTotal" time="0.0" classname="Unipupil.UniMavenTests.BuyCourseAdditionalFeesFirefoxTest"/>
  <testcase name="goToStudentAccount" time="10.185" classname="Unipupil.UniMavenTests.BuyCourseAdditionalFeesFirefoxTest"/>
  <testcase name="studentAccountCourseName" time="2.907" classname="Unipupil.UniMavenTests.BuyCourseAdditionalFeesFirefoxTest"/>
  <testcase name="studentAccountStartDate" time="0.001" classname="Unipupil.UniMavenTests.BuyCourseAdditionalFeesFirefoxTest"/>
  <testcase name="studentAccountFinishDate" time="0.0" classname="Unipupil.UniMavenTests.BuyCourseAdditionalFeesFirefoxTest"/>
  <testcase name="studentAccountCoursePrice" time="0.0" classname="Unipupil.UniMavenTests.BuyCourseAdditionalFeesFirefoxTest"/>
  <testcase name="studentAccountAdditionalFeeName" time="0.0" classname="Unipupil.UniMavenTests.BuyCourseAdditionalFeesFirefoxTest"/>
  <testcase name="studentAccountAdditionalFee" time="0.001" classname="Unipupil.UniMavenTests.BuyCourseAdditionalFeesFirefoxTest"/>
  <testcase name="studentAccountAdditionalFeeTotal" time="0.0" classname="Unipupil.UniMavenTests.BuyCourseAdditionalFeesFirefoxTest"/>
  <testcase name="adminLogin" time="28.334" classname="Unipupil.UniMavenTests.BuyCourseAdditionalFeesFirefoxTest"/>
  <testcase name="getCommissionPercentages" time="4.244" classname="Unipupil.UniMavenTests.BuyCourseAdditionalFeesFirefoxTest"/>
  <testcase name="agentLogin" time="32.924" classname="Unipupil.UniMavenTests.BuyCourseAdditionalFeesFirefoxTest"/>
  <testcase name="displayedTotalCommissionPercent" time="0.001" classname="Unipupil.UniMavenTests.BuyCourseAdditionalFeesFirefoxTest">
    <failure type="java.lang.NullPointerException">
      <![CDATA[java.lang.NullPointerException
	at Unipupil.UniMavenTests.BuyCourseAdditionalFeesFirefoxTest.displayedTotalCommissionPercent(BuyCourseAdditionalFeesFirefoxTest.java:889)
... Removed 33 stack frames]]>
    </failure>
  </testcase> <!-- displayedTotalCommissionPercent -->
  <testcase name="displayedAgentCommissionPercent" time="0.0" classname="Unipupil.UniMavenTests.BuyCourseAdditionalFeesFirefoxTest">
    <skipped/>
  </testcase> <!-- displayedAgentCommissionPercent -->
  <testcase name="agentCommission" time="0.0" classname="Unipupil.UniMavenTests.BuyCourseAdditionalFeesFirefoxTest">
    <skipped/>
  </testcase> <!-- agentCommission -->
  <testcase name="totalPaid" time="0.0" classname="Unipupil.UniMavenTests.BuyCourseAdditionalFeesFirefoxTest">
    <skipped/>
  </testcase> <!-- totalPaid -->
</testsuite> <!-- Command line test -->
