<?xml version="1.0" encoding="UTF-8"?>
<!-- Generated by org.testng.reporters.JUnitXMLReporter -->
<testsuite hostname="Owner-PC" name="Default test" tests="20" failures="1" timestamp="13 May 2016 13:37:14 GMT" time="24.766" errors="0">
  <testcase name="goToHomepage" time="8.814" classname="Unipupil.UniMavenTests.BuyCourseAdditionalFeesFirefoxTest"/>
  <testcase name="institutionLogin" time="7.465" classname="Unipupil.UniMavenTests.BuyCourseAdditionalFeesFirefoxTest"/>
  <testcase name="enterInstitutionLoginDetails" time="0.004" classname="Unipupil.UniMavenTests.BuyCourseAdditionalFeesFirefoxTest">
    <failure type="java.lang.NullPointerException">
      <![CDATA[java.lang.NullPointerException
	at Unipupil.TestFramework.pageObjects.LoginPage.enterUsername(LoginPage.java:50)
	at Unipupil.TestFramework.pageObjects.LoginPage.unipupilLogin(LoginPage.java:77)
	at Unipupil.UniMavenTests.BuyCourseAdditionalFeesFirefoxTest.enterInstitutionLoginDetails(BuyCourseAdditionalFeesFirefoxTest.java:294)
	at sun.reflect.NativeMethodAccessorImpl.invoke0(Native Method)
	at sun.reflect.NativeMethodAccessorImpl.invoke(NativeMethodAccessorImpl.java:62)
	at sun.reflect.DelegatingMethodAccessorImpl.invoke(DelegatingMethodAccessorImpl.java:43)
	at java.lang.reflect.Method.invoke(Method.java:497)
	at org.testng.internal.MethodInvocationHelper.invokeMethod(MethodInvocationHelper.java:85)
	at org.testng.internal.Invoker.invokeMethod(Invoker.java:659)
	at org.testng.internal.Invoker.invokeTestMethod(Invoker.java:845)
	at org.testng.internal.Invoker.invokeTestMethods(Invoker.java:1153)
	at org.testng.internal.TestMethodWorker.invokeTestMethods(TestMethodWorker.java:125)
	at org.testng.internal.TestMethodWorker.run(TestMethodWorker.java:108)
	at org.testng.TestRunner.privateRun(TestRunner.java:771)
	at org.testng.TestRunner.run(TestRunner.java:621)
	at org.testng.SuiteRunner.runTest(SuiteRunner.java:357)
	at org.testng.SuiteRunner.runSequentially(SuiteRunner.java:352)
	at org.testng.SuiteRunner.privateRun(SuiteRunner.java:310)
	at org.testng.SuiteRunner.run(SuiteRunner.java:259)
	at org.testng.SuiteRunnerWorker.runSuite(SuiteRunnerWorker.java:52)
	at org.testng.SuiteRunnerWorker.run(SuiteRunnerWorker.java:86)
	at org.testng.TestNG.runSuitesSequentially(TestNG.java:1199)
	at org.testng.TestNG.runSuitesLocally(TestNG.java:1124)
	at org.testng.TestNG.run(TestNG.java:1032)
	at org.testng.remote.RemoteTestNG.run(RemoteTestNG.java:111)
	at org.testng.remote.RemoteTestNG.initAndRun(RemoteTestNG.java:204)
	at org.testng.remote.RemoteTestNG.main(RemoteTestNG.java:175)
]]>
    </failure>
  </testcase> <!-- enterInstitutionLoginDetails -->
  <testcase name="getCourseList" time="0.0" classname="Unipupil.UniMavenTests.BuyCourseAdditionalFeesFirefoxTest">
    <skipped/>
  </testcase> <!-- getCourseList -->
  <testcase name="goToCourseEditPage" time="0.0" classname="Unipupil.UniMavenTests.BuyCourseAdditionalFeesFirefoxTest">
    <skipped/>
  </testcase> <!-- goToCourseEditPage -->
  <testcase name="getCourseFees" time="0.0" classname="Unipupil.UniMavenTests.BuyCourseAdditionalFeesFirefoxTest">
    <skipped/>
  </testcase> <!-- getCourseFees -->
  <testcase name="institutionLogout" time="0.0" classname="Unipupil.UniMavenTests.BuyCourseAdditionalFeesFirefoxTest">
    <skipped/>
  </testcase> <!-- institutionLogout -->
  <testcase name="studentLogin" time="0.0" classname="Unipupil.UniMavenTests.BuyCourseAdditionalFeesFirefoxTest">
    <skipped/>
  </testcase> <!-- studentLogin -->
  <testcase name="enterStudentLoginDetails" time="0.0" classname="Unipupil.UniMavenTests.BuyCourseAdditionalFeesFirefoxTest">
    <skipped/>
  </testcase> <!-- enterStudentLoginDetails -->
  <testcase name="findInstitution" time="0.0" classname="Unipupil.UniMavenTests.BuyCourseAdditionalFeesFirefoxTest">
    <skipped/>
  </testcase> <!-- findInstitution -->
  <testcase name="selectInstitution" time="0.0" classname="Unipupil.UniMavenTests.BuyCourseAdditionalFeesFirefoxTest">
    <skipped/>
  </testcase> <!-- selectInstitution -->
  <testcase name="selectCourse" time="0.0" classname="Unipupil.UniMavenTests.BuyCourseAdditionalFeesFirefoxTest">
    <skipped/>
  </testcase> <!-- selectCourse -->
  <testcase name="addCourseToCart" time="0.0" classname="Unipupil.UniMavenTests.BuyCourseAdditionalFeesFirefoxTest">
    <skipped/>
  </testcase> <!-- addCourseToCart -->
  <testcase name="viewCart" time="0.0" classname="Unipupil.UniMavenTests.BuyCourseAdditionalFeesFirefoxTest">
    <skipped/>
  </testcase> <!-- viewCart -->
  <testcase name="checkout" time="0.0" classname="Unipupil.UniMavenTests.BuyCourseAdditionalFeesFirefoxTest">
    <skipped/>
  </testcase> <!-- checkout -->
  <testcase name="reviewOrder" time="0.0" classname="Unipupil.UniMavenTests.BuyCourseAdditionalFeesFirefoxTest">
    <skipped/>
  </testcase> <!-- reviewOrder -->
  <testcase name="payForProduct" time="0.0" classname="Unipupil.UniMavenTests.BuyCourseAdditionalFeesFirefoxTest">
    <skipped/>
  </testcase> <!-- payForProduct -->
  <testcase name="checkOrderStatus" time="0.0" classname="Unipupil.UniMavenTests.BuyCourseAdditionalFeesFirefoxTest">
    <skipped/>
  </testcase> <!-- checkOrderStatus -->
  <testcase name="checkStudentAccount" time="0.0" classname="Unipupil.UniMavenTests.BuyCourseAdditionalFeesFirefoxTest">
    <skipped/>
  </testcase> <!-- checkStudentAccount -->
  <testcase name="logOut" time="0.0" classname="Unipupil.UniMavenTests.BuyCourseAdditionalFeesFirefoxTest">
    <skipped/>
  </testcase> <!-- logOut -->
</testsuite> <!-- Default test -->
