<?xml version="1.0" encoding="UTF-8" ?>
<testsuite tests="74" failures="1" name="Unipupil.UniMavenTests.BuyCourseAdditionalFeesFirefoxTest" time="342.332" errors="0" skipped="3">
  <properties>
[...]
</properties>
  <testcase classname="Unipupil.UniMavenTests.BuyCourseAdditionalFeesFirefoxTest" name="goToHomepage" time="14.927"/>
  <testcase classname="Unipupil.UniMavenTests.BuyCourseAdditionalFeesFirefoxTest" name="institutionLogin" time="6.785"/>
  <testcase classname="Unipupil.UniMavenTests.BuyCourseAdditionalFeesFirefoxTest" name="enterInstitutionLoginDetails" time="10.336"/>
  <testcase classname="Unipupil.UniMavenTests.BuyCourseAdditionalFeesFirefoxTest" name="getCourseList" time="12.724"/>
  <testcase classname="Unipupil.UniMavenTests.BuyCourseAdditionalFeesFirefoxTest" name="goToCourseEditPage" time="10.257"/>
  <testcase classname="Unipupil.UniMavenTests.BuyCourseAdditionalFeesFirefoxTest" name="getCourseFees" time="1.851"/>
  <testcase classname="Unipupil.UniMavenTests.BuyCourseAdditionalFeesFirefoxTest" name="institutionLogout" time="8.087"/>
  <testcase classname="Unipupil.UniMavenTests.BuyCourseAdditionalFeesFirefoxTest" name="studentLogin" time="6.491"/>
  <testcase classname="Unipupil.UniMavenTests.BuyCourseAdditionalFeesFirefoxTest" name="enterStudentLoginDetails" time="11.732"/>
  <testcase classname="Unipupil.UniMavenTests.BuyCourseAdditionalFeesFirefoxTest" name="findInstitution" time="18.94"/>
  <testcase classname="Unipupil.UniMavenTests.BuyCourseAdditionalFeesFirefoxTest" name="selectInstitution" time="16.005"/>
  <testcase classname="Unipupil.UniMavenTests.BuyCourseAdditionalFeesFirefoxTest" name="selectCourse" time="17.689"/>
  <testcase classname="Unipupil.UniMavenTests.BuyCourseAdditionalFeesFirefoxTest" name="addCourseToCart" time="33.383"/>
  <testcase classname="Unipupil.UniMavenTests.BuyCourseAdditionalFeesFirefoxTest" name="cartProductName" time="1.77"/>
  <testcase classname="Unipupil.UniMavenTests.BuyCourseAdditionalFeesFirefoxTest" name="cartAdditionalFeesTitle" time="0"/>
  <testcase classname="Unipupil.UniMavenTests.BuyCourseAdditionalFeesFirefoxTest" name="cartProductUnitPrice" time="0"/>
  <testcase classname="Unipupil.UniMavenTests.BuyCourseAdditionalFeesFirefoxTest" name="cartLinePrice" time="0.001"/>
  <testcase classname="Unipupil.UniMavenTests.BuyCourseAdditionalFeesFirefoxTest" name="cartAdditionalFees" time="0"/>
  <testcase classname="Unipupil.UniMavenTests.BuyCourseAdditionalFeesFirefoxTest" name="checkCartSubTotalAgainstGrossFees" time="0.002"/>
  <testcase classname="Unipupil.UniMavenTests.BuyCourseAdditionalFeesFirefoxTest" name="checkAggregateFeesEqualCartSubtotal" time="0"/>
  <testcase classname="Unipupil.UniMavenTests.BuyCourseAdditionalFeesFirefoxTest" name="goToCheckout" time="7.887"/>
  <testcase classname="Unipupil.UniMavenTests.BuyCourseAdditionalFeesFirefoxTest" name="checkoutLineProductName" time="1.785"/>
  <testcase classname="Unipupil.UniMavenTests.BuyCourseAdditionalFeesFirefoxTest" name="checkoutAdditionalFeesTitle" time="0.001"/>
  <testcase classname="Unipupil.UniMavenTests.BuyCourseAdditionalFeesFirefoxTest" name="checkoutInstitutionTitle" time="0.063"/>
  <testcase classname="Unipupil.UniMavenTests.BuyCourseAdditionalFeesFirefoxTest" name="checkoutProductUnitPrice" time="0.104"/>
  <testcase classname="Unipupil.UniMavenTests.BuyCourseAdditionalFeesFirefoxTest" name="checkoutLinePrice" time="0.033"/>
  <testcase classname="Unipupil.UniMavenTests.BuyCourseAdditionalFeesFirefoxTest" name="checkoutAdditionalFees" time="0"/>
  <testcase classname="Unipupil.UniMavenTests.BuyCourseAdditionalFeesFirefoxTest" name="checkoutTotal" time="0"/>
  <testcase classname="Unipupil.UniMavenTests.BuyCourseAdditionalFeesFirefoxTest" name="checkAggregateFeesEqualCheckoutTotal" time="0"/>
  <testcase classname="Unipupil.UniMavenTests.BuyCourseAdditionalFeesFirefoxTest" name="enterAddressAndContinue" time="20.846"/>
  <testcase classname="Unipupil.UniMavenTests.BuyCourseAdditionalFeesFirefoxTest" name="reviewOrderHeader" time="1.797"/>
  <testcase classname="Unipupil.UniMavenTests.BuyCourseAdditionalFeesFirefoxTest" name="reviewOrderProductName" time="0.001"/>
  <testcase classname="Unipupil.UniMavenTests.BuyCourseAdditionalFeesFirefoxTest" name="reviewOrderAdditionalFeesTitle" time="0"/>
  <testcase classname="Unipupil.UniMavenTests.BuyCourseAdditionalFeesFirefoxTest" name="reviewOrderInstitutionTitle" time="0.076"/>
  <testcase classname="Unipupil.UniMavenTests.BuyCourseAdditionalFeesFirefoxTest" name="reviewOrderProductUnitPrice" time="0.121"/>
  <testcase classname="Unipupil.UniMavenTests.BuyCourseAdditionalFeesFirefoxTest" name="reviewOrderLinePrice" time="0"/>
  <testcase classname="Unipupil.UniMavenTests.BuyCourseAdditionalFeesFirefoxTest" name="reviewOrderAdditionalFees" time="0"/>
  <testcase classname="Unipupil.UniMavenTests.BuyCourseAdditionalFeesFirefoxTest" name="reviewOrderSubTotal" time="0"/>
  <testcase classname="Unipupil.UniMavenTests.BuyCourseAdditionalFeesFirefoxTest" name="reviewOrderTotal" time="0"/>
  <testcase classname="Unipupil.UniMavenTests.BuyCourseAdditionalFeesFirefoxTest" name="aggregateFeesEqualReviewOrderSubTotal" time="0"/>
  <testcase classname="Unipupil.UniMavenTests.BuyCourseAdditionalFeesFirefoxTest" name="submitOrder" time="13.888"/>
  <testcase classname="Unipupil.UniMavenTests.BuyCourseAdditionalFeesFirefoxTest" name="ppLoginPageSummaryAmount" time="0.139"/>
  <testcase classname="Unipupil.UniMavenTests.BuyCourseAdditionalFeesFirefoxTest" name="ppLoginPageSummaryTotal" time="0.003"/>
  <testcase classname="Unipupil.UniMavenTests.BuyCourseAdditionalFeesFirefoxTest" name="paypalLogin" time="10.817"/>
  <testcase classname="Unipupil.UniMavenTests.BuyCourseAdditionalFeesFirefoxTest" name="ppConfirmPageSummaryAmount" time="0"/>
  <testcase classname="Unipupil.UniMavenTests.BuyCourseAdditionalFeesFirefoxTest" name="ppConfirmPageSummaryTotal" time="0"/>
  <testcase classname="Unipupil.UniMavenTests.BuyCourseAdditionalFeesFirefoxTest" name="ppConfirmPayment" time="26.014"/>
  <testcase classname="Unipupil.UniMavenTests.BuyCourseAdditionalFeesFirefoxTest" name="completeOrderTitle" time="0.392"/>
  <testcase classname="Unipupil.UniMavenTests.BuyCourseAdditionalFeesFirefoxTest" name="completeOrderPageMessage" time="0.001"/>
  <testcase classname="Unipupil.UniMavenTests.BuyCourseAdditionalFeesFirefoxTest" name="paymentOrderHistoryPage" time="6.792"/>
  <testcase classname="Unipupil.UniMavenTests.BuyCourseAdditionalFeesFirefoxTest" name="paymentOrderHistoryHeader" time="1.979"/>
  <testcase classname="Unipupil.UniMavenTests.BuyCourseAdditionalFeesFirefoxTest" name="paymentOrderHistoryProductName" time="0"/>
  <testcase classname="Unipupil.UniMavenTests.BuyCourseAdditionalFeesFirefoxTest" name="paymentOrderHistoryProductDescription" time="0"/>
  <testcase classname="Unipupil.UniMavenTests.BuyCourseAdditionalFeesFirefoxTest" name="paymentOrderHistoryUnitPrice" time="0"/>
  <testcase classname="Unipupil.UniMavenTests.BuyCourseAdditionalFeesFirefoxTest" name="paymentOrderHistoryQuantity" time="0"/>
  <testcase classname="Unipupil.UniMavenTests.BuyCourseAdditionalFeesFirefoxTest" name="paymentOrderHistoryLinePrice" time="0"/>
  <testcase classname="Unipupil.UniMavenTests.BuyCourseAdditionalFeesFirefoxTest" name="paymentOrderHistoryAdditionalFees" time="0"/>
  <testcase classname="Unipupil.UniMavenTests.BuyCourseAdditionalFeesFirefoxTest" name="paymentOrderHistoryTotal" time="0"/>
  <testcase classname="Unipupil.UniMavenTests.BuyCourseAdditionalFeesFirefoxTest" name="checkAggregateFeesEqualPaymentOrderHistoryTotal" time="0"/>
  <testcase classname="Unipupil.UniMavenTests.BuyCourseAdditionalFeesFirefoxTest" name="goToStudentAccount" time="10.179"/>
  <testcase classname="Unipupil.UniMavenTests.BuyCourseAdditionalFeesFirefoxTest" name="studentAccountCourseName" time="2.917"/>
  <testcase classname="Unipupil.UniMavenTests.BuyCourseAdditionalFeesFirefoxTest" name="studentAccountStartDate" time="0"/>
  <testcase classname="Unipupil.UniMavenTests.BuyCourseAdditionalFeesFirefoxTest" name="studentAccountFinishDate" time="0"/>
  <testcase classname="Unipupil.UniMavenTests.BuyCourseAdditionalFeesFirefoxTest" name="studentAccountCoursePrice" time="0"/>
  <testcase classname="Unipupil.UniMavenTests.BuyCourseAdditionalFeesFirefoxTest" name="studentAccountAdditionalFeeName" time="0"/>
  <testcase classname="Unipupil.UniMavenTests.BuyCourseAdditionalFeesFirefoxTest" name="studentAccountAdditionalFee" time="0"/>
  <testcase classname="Unipupil.UniMavenTests.BuyCourseAdditionalFeesFirefoxTest" name="studentAccountAdditionalFeeTotal" time="0"/>
  <testcase classname="Unipupil.UniMavenTests.BuyCourseAdditionalFeesFirefoxTest" name="adminLogin" time="28.329"/>
  <testcase classname="Unipupil.UniMavenTests.BuyCourseAdditionalFeesFirefoxTest" name="getCommissionPercentages" time="4.245"/>
  <testcase classname="Unipupil.UniMavenTests.BuyCourseAdditionalFeesFirefoxTest" name="agentLogin" time="32.924"/>
  <testcase classname="Unipupil.UniMavenTests.BuyCourseAdditionalFeesFirefoxTest" name="displayedTotalCommissionPercent" time="0.004">
    <failure type="java.lang.NullPointerException">java.lang.NullPointerException
	at Unipupil.UniMavenTests.BuyCourseAdditionalFeesFirefoxTest.displayedTotalCommissionPercent(BuyCourseAdditionalFeesFirefoxTest.java:889)
</failure>
    <system-out>BuyCourseAdditionalFeesFirefoxTest: Test Method 70 &apos;displayedTotalCommissionPercent&apos; running
</system-out>
  </testcase>
  <testcase classname="Unipupil.UniMavenTests.BuyCourseAdditionalFeesFirefoxTest" name="displayedAgentCommissionPercent" time="0.005">
    <skipped/>
  </testcase>
  <testcase classname="Unipupil.UniMavenTests.BuyCourseAdditionalFeesFirefoxTest" name="agentCommission" time="0.005">
    <skipped/>
  </testcase>
  <testcase classname="Unipupil.UniMavenTests.BuyCourseAdditionalFeesFirefoxTest" name="totalPaid" time="0.005">
    <skipped/>
  </testcase>
</testsuite>