<?xml version="1.0" encoding="UTF-8"?>
<!-- Generated by org.testng.reporters.JUnitXMLReporter -->
<testsuite hostname="Owner-PC" name="Command line test" tests="4" failures="0" timestamp="9 May 2016 09:42:49 GMT" time="123.047" errors="0">
  <testcase name="clickLogin" time="0.806" classname="Unipupil.UniMavenTests.FirefoxStudentLoginTest"/>
  <testcase name="enterDetails" time="36.006" classname="Unipupil.UniMavenTests.FirefoxStudentLoginTest"/>
  <testcase name="logOut" time="1.657" classname="Unipupil.UniMavenTests.FirefoxStudentLoginTest"/>
  <testcase name="loggedOut" time="29.784" classname="Unipupil.UniMavenTests.FirefoxStudentLoginTest"/>
</testsuite> <!-- Command line test -->
